transactions_id sale_date  sale_time        customer_id gender                                             age         category                                           quantiy     price_per_unit                          cogs                                    total_sale
--------------- ---------- ---------------- ----------- -------------------------------------------------- ----------- -------------------------------------------------- ----------- --------------------------------------- --------------------------------------- ---------------------------------------
1               2022-12-16 19:10:00.0000000 50          Male                                               34          Beauty                                             3           50.00                                   16.00                                   150.00
2               2022-06-24 10:07:00.0000000 104         Female                                             26          Clothing                                           2           500.00                                  135.00                                  1000.00
3               2022-06-14 07:08:00.0000000 114         Male                                               50          Electronics                                        1           30.00                                   8.10                                    30.00
4               2023-08-27 18:12:00.0000000 3           Male                                               37          Clothing                                           1           500.00                                  200.00                                  500.00
5               2023-09-05 22:10:00.0000000 3           Male                                               30          Beauty                                             2           50.00                                   24.00                                   100.00

(5 rows affected)

total_null_rows
---------------
13

(1 row affected)

(13 rows affected)

Total_Transactions
------------------
1987

(1 row affected)

Data_available_from Data_available_till
------------------- -------------------
2022-01-01          2023-12-31

(1 row affected)

Open_from        open_till
---------------- ----------------
06:01:00.0000000 23:00:00.0000000

(1 row affected)

Unique_Customers
----------------
155

(1 row affected)

Unique_genders
--------------------------------------------------
Male
Female

(2 rows affected)

age_from    age_till
----------- -----------
18          64

(1 row affected)

min_quantity max_quantity
------------ ------------
1            4

(1 row affected)

min_price                               max_price
--------------------------------------- ---------------------------------------
25.00                                   500.00

(1 row affected)

min_cogs                                max_cogs
--------------------------------------- ---------------------------------------
6.25                                    620.00

(1 row affected)

min_sales                               max_sales
--------------------------------------- ---------------------------------------
25.00                                   2000.00

(1 row affected)

Unique_Categories
--------------------------------------------------
Beauty
Electronics
Clothing

(3 rows affected)


Completion time: 2024-10-07T16:34:35.9098401+05:30
